<?xml version="1.0" encoding="utf-8"?><testsuites name="pytest tests"><testsuite name="pytest" errors="0" failures="0" skipped="0" tests="10" time="0.879" timestamp="2026-08-04T13:11:33.236008+05:30" hostname="arshad-Lenovo-E41-25"><testcase classname="tests.test_retailer_scenarios" name="test_scenario1_mixed_quantity" time="0.024" /><testcase classname="tests.test_retailer_scenarios" name="test_scenario2_pure_fixed_width" time="0.011" /><testcase classname="tests.test_retailer_scenarios" name="test_scenario3_hdr_su_records" time="0.094" /><testcase classname="tests.test_retailer_scenarios" name="test_scenario4_simple_delimited" time="0.005" /><testcase classname="tests.test_retailer_scenarios" name="test_scenario5_sales_product_relationship" time="0.002" /><testcase classname="tests.test_retailer_scenarios" name="test_scenario6_header_data_diff_delimiter" time="0.011" /><testcase classname="tests.test_retailer_scenarios" name="test_scenario7_parent_child_flattening" time="0.009" /><testcase classname="tests.test_retailer_scenarios" name="test_scenario8_multiple_record_layouts" time="0.006" /><testcase classname="tests.test_retailer_scenarios" name="test_scenario9_mixed_quantity_fallback" time="0.002" /><testcase classname="tests.test_retailer_scenarios" name="test_scenario10_large_streaming" time="0.012" /></testsuite></testsuites>