<?xml version="1.0" encoding="utf-8"?><testsuites name="pytest tests"><testsuite name="pytest" errors="0" failures="0" skipped="0" tests="2" time="17.899" timestamp="2026-07-09T13:02:11.844650+05:30" hostname="arshad-Lenovo-E41-25"><testcase classname="tests.e2e.connection_manager.test_connection_manager_ui.TestConnectionManagerLocal" name="test_local_radio_selected_by_default[chromium]" time="13.713"><properties><property name="duration_seconds" value="2.203" /></properties></testcase><testcase classname="tests.e2e.connection_manager.test_connection_manager_ui.TestConnectionManagerLocal" name="test_use_local_button_visible[chromium]" time="3.975"><properties><property name="duration_seconds" value="2.025" /></properties></testcase></testsuite></testsuites>